0 info it worked if it ends with ok
1 verbose cli [ 'node', '/usr/local/bin/npm', 'install', 'bower' ]
2 info using npm@2.7.3
3 info using node@v0.10.25
4 verbose node symlink /usr/bin/node
5 warn package.json contact-list@0.0.0 No repository field.
6 verbose install bower is installed as 1.4.1
7 silly cache add args [ 'bower', null ]
8 verbose cache add spec bower
9 silly cache add parsed spec { raw: 'bower',
9 silly cache add   scope: null,
9 silly cache add   name: 'bower',
9 silly cache add   rawSpec: '',
9 silly cache add   spec: '*',
9 silly cache add   type: 'range' }
10 verbose addNamed bower@*
11 silly addNamed semver.valid null
12 silly addNamed semver.validRange *
13 silly addNameRange { name: 'bower', range: '*', hasData: false }
14 silly mapToRegistry name bower
15 silly mapToRegistry using default registry
16 silly mapToRegistry registry https://registry.npmjs.org/
17 silly mapToRegistry uri https://registry.npmjs.org/bower
18 verbose addNameRange registry:https://registry.npmjs.org/bower not in flight; fetching
19 verbose request uri https://registry.npmjs.org/bower
20 verbose request no auth needed
21 info attempt registry request try #1 at 15:11:10
22 verbose request id 5d384a3419bd1dbd
23 verbose etag "7R9FZWXTT6ODL83S51HDX9FJ7"
24 http request GET https://registry.npmjs.org/bower
25 http 304 https://registry.npmjs.org/bower
26 silly get cb [ 304,
26 silly get   { date: 'Fri, 01 May 2015 19:11:10 GMT',
26 silly get     via: '1.1 varnish',
26 silly get     'last-modified': 'Fri, 01 May 2015 19:11:10 GMT',
26 silly get     'cache-control': 'max-age=60',
26 silly get     etag: '"7R9FZWXTT6ODL83S51HDX9FJ7"',
26 silly get     age: '26',
26 silly get     connection: 'keep-alive',
26 silly get     'x-served-by': 'cache-iad2142-IAD',
26 silly get     'x-cache': 'HIT',
26 silly get     'x-cache-hits': '1',
26 silly get     'x-timer': 'S1430507470.687675,VS0,VE1',
26 silly get     vary: 'Accept' } ]
27 verbose etag https://registry.npmjs.org/bower from cache
28 verbose get saving bower to /home/adam/.npm/registry.npmjs.org/bower/.cache.json
29 silly addNameRange number 2 { name: 'bower', range: '*', hasData: true }
30 silly addNameRange versions [ 'bower',
30 silly addNameRange   [ '0.1.0',
30 silly addNameRange     '0.1.2',
30 silly addNameRange     '0.1.3',
30 silly addNameRange     '0.2.0',
30 silly addNameRange     '0.3.0',
30 silly addNameRange     '0.3.1',
30 silly addNameRange     '0.3.2',
30 silly addNameRange     '0.4.0',
30 silly addNameRange     '0.5.0',
30 silly addNameRange     '0.5.1',
30 silly addNameRange     '0.6.0',
30 silly addNameRange     '0.6.1',
30 silly addNameRange     '0.6.2',
30 silly addNameRange     '0.6.3',
30 silly addNameRange     '0.6.4',
30 silly addNameRange     '0.6.5',
30 silly addNameRange     '0.6.6',
30 silly addNameRange     '0.6.7',
30 silly addNameRange     '0.6.8',
30 silly addNameRange     '0.7.0',
30 silly addNameRange     '0.7.1',
30 silly addNameRange     '0.8.0',
30 silly addNameRange     '0.8.1',
30 silly addNameRange     '0.8.2',
30 silly addNameRange     '0.8.3',
30 silly addNameRange     '0.8.4',
30 silly addNameRange     '0.8.5',
30 silly addNameRange     '0.8.6',
30 silly addNameRange     '0.9.0',
30 silly addNameRange     '0.9.1',
30 silly addNameRange     '0.9.2',
30 silly addNameRange     '0.10.0',
30 silly addNameRange     '1.0.0',
30 silly addNameRange     '1.0.1',
30 silly addNameRange     '1.0.2',
30 silly addNameRange     '1.0.3',
30 silly addNameRange     '1.1.0',
30 silly addNameRange     '1.1.1',
30 silly addNameRange     '1.1.2',
30 silly addNameRange     '1.2.0',
30 silly addNameRange     '1.2.1',
30 silly addNameRange     '1.2.2',
30 silly addNameRange     '1.2.3',
30 silly addNameRange     '1.2.4',
30 silly addNameRange     '1.2.5',
30 silly addNameRange     '1.2.6',
30 silly addNameRange     '1.2.7',
30 silly addNameRange     '1.2.8',
30 silly addNameRange     '1.3.0',
30 silly addNameRange     '1.3.1',
30 silly addNameRange     '1.3.2',
30 silly addNameRange     '1.3.3',
30 silly addNameRange     '1.3.4',
30 silly addNameRange     '1.3.5',
30 silly addNameRange     '1.3.6',
30 silly addNameRange     '1.3.7',
30 silly addNameRange     '1.3.8',
30 silly addNameRange     '1.3.9',
30 silly addNameRange     '1.3.10',
30 silly addNameRange     '1.3.11',
30 silly addNameRange     '1.3.12',
30 silly addNameRange     '1.4.0',
30 silly addNameRange     '1.4.1' ] ]
31 verbose addNamed bower@1.4.1
32 silly addNamed semver.valid 1.4.1
33 silly addNamed semver.validRange 1.4.1
34 silly cache afterAdd bower@1.4.1
35 verbose afterAdd /home/adam/.npm/bower/1.4.1/package/package.json not in flight; writing
36 verbose afterAdd /home/adam/.npm/bower/1.4.1/package/package.json written
37 silly install resolved [ { name: 'bower',
37 silly install resolved     version: '1.4.1',
37 silly install resolved     description: 'The browser package manager',
37 silly install resolved     author: { name: 'Twitter' },
37 silly install resolved     licenses: [ [Object] ],
37 silly install resolved     repository: { type: 'git', url: 'https://github.com/bower/bower' },
37 silly install resolved     main: 'lib',
37 silly install resolved     homepage: 'http://bower.io',
37 silly install resolved     engines: { node: '>=0.10.0' },
37 silly install resolved     dependencies:
37 silly install resolved      { abbrev: '^1.0.5',
37 silly install resolved        archy: '1.0.0',
37 silly install resolved        'bower-config': '^0.6.1',
37 silly install resolved        'bower-endpoint-parser': '^0.2.2',
37 silly install resolved        'bower-json': '^0.4.0',
37 silly install resolved        'bower-logger': '^0.2.2',
37 silly install resolved        'bower-registry-client': '^0.3.0',
37 silly install resolved        cardinal: '0.4.4',
37 silly install resolved        chalk: '^1.0.0',
37 silly install resolved        chmodr: '0.1.0',
37 silly install resolved        configstore: '^0.3.2',
37 silly install resolved        'decompress-zip': '^0.1.0',
37 silly install resolved        fstream: '^1.0.3',
37 silly install resolved        'fstream-ignore': '^1.0.2',
37 silly install resolved        github: '^0.2.3',
37 silly install resolved        glob: '^4.3.2',
37 silly install resolved        'graceful-fs': '^3.0.5',
37 silly install resolved        handlebars: '^2.0.0',
37 silly install resolved        inquirer: '0.8.0',
37 silly install resolved        insight: '^0.5.0',
37 silly install resolved        'is-root': '^1.0.0',
37 silly install resolved        junk: '^1.0.0',
37 silly install resolved        lockfile: '^1.0.0',
37 silly install resolved        'lru-cache': '^2.5.0',
37 silly install resolved        mkdirp: '0.5.0',
37 silly install resolved        mout: '^0.11.0',
37 silly install resolved        nopt: '^3.0.1',
37 silly install resolved        opn: '^1.0.1',
37 silly install resolved        'p-throttler': '0.1.1',
37 silly install resolved        promptly: '0.2.0',
37 silly install resolved        q: '^1.1.2',
37 silly install resolved        request: '2.53.0',
37 silly install resolved        'request-progress': '0.3.1',
37 silly install resolved        retry: '0.6.1',
37 silly install resolved        rimraf: '^2.2.8',
37 silly install resolved        semver: '^2.3.0',
37 silly install resolved        'shell-quote': '^1.4.2',
37 silly install resolved        'stringify-object': '^1.0.0',
37 silly install resolved        'tar-fs': '^1.4.1',
37 silly install resolved        tmp: '0.0.24',
37 silly install resolved        'update-notifier': '^0.3.0',
37 silly install resolved        'user-home': '^1.1.0',
37 silly install resolved        which: '^1.0.8' },
37 silly install resolved     devDependencies:
37 silly install resolved      { chai: '^1.10.0',
37 silly install resolved        coveralls: '^2.11.2',
37 silly install resolved        'expect.js': '^0.3.1',
37 silly install resolved        grunt: '^0.4.5',
37 silly install resolved        'grunt-cli': '^0.1.13',
37 silly install resolved        'grunt-contrib-jshint': '^0.10.0',
37 silly install resolved        'grunt-contrib-watch': '^0.6.1',
37 silly install resolved        'grunt-exec': '^0.4.6',
37 silly install resolved        'grunt-simple-mocha': '^0.4.0',
37 silly install resolved        istanbul: '^0.3.5',
37 silly install resolved        'load-grunt-tasks': '^2.0.0',
37 silly install resolved        mocha: '^2.1.0',
37 silly install resolved        multiline: '^1.0.2',
37 silly install resolved        nock: '^0.56.0',
37 silly install resolved        'node-uuid': '^1.4.2',
37 silly install resolved        proxyquire: '^1.3.0',
37 silly install resolved        'spawn-sync': '^1.0.5' },
37 silly install resolved     scripts: { test: 'grunt test' },
37 silly install resolved     bin: { bower: 'bin/bower' },
37 silly install resolved     preferGlobal: true,
37 silly install resolved     gitHead: 'a1287416d40f944d58cb8f2e774e2076bfffd32f',
37 silly install resolved     bugs: { url: 'https://github.com/bower/bower/issues' },
37 silly install resolved     _id: 'bower@1.4.1',
37 silly install resolved     _shasum: 'a18be39d030792754f30f1c5b32d37b0156ba8dd',
37 silly install resolved     _from: 'bower@*',
37 silly install resolved     _npmVersion: '2.7.4',
37 silly install resolved     _nodeVersion: '0.12.0',
37 silly install resolved     _npmUser: { name: 'sheerun', email: 'sheerun@sher.pl' },
37 silly install resolved     maintainers: [ [Object], [Object], [Object], [Object], [Object], [Object] ],
37 silly install resolved     dist:
37 silly install resolved      { shasum: 'a18be39d030792754f30f1c5b32d37b0156ba8dd',
37 silly install resolved        tarball: 'http://registry.npmjs.org/bower/-/bower-1.4.1.tgz' },
37 silly install resolved     directories: {},
37 silly install resolved     _resolved: 'https://registry.npmjs.org/bower/-/bower-1.4.1.tgz',
37 silly install resolved     readme: 'ERROR: No README data found!' } ]
38 info install bower@1.4.1 into /home/adam/dev/wdi/contactList
39 info installOne bower@1.4.1
40 verbose installOne of bower to /home/adam/dev/wdi/contactList not in flight; installing
41 verbose lock using /home/adam/.npm/_locks/bower-0bfb62733af8e827.lock for /home/adam/dev/wdi/contactList/node_modules/bower
42 silly install write writing bower 1.4.1 to /home/adam/dev/wdi/contactList/node_modules/bower
43 silly cache addNamed cb bower@1.4.1
44 verbose unbuild node_modules/bower
45 info preuninstall bower@1.4.1
46 info uninstall bower@1.4.1
47 verbose unbuild rmStuff bower@1.4.1 from /home/adam/dev/wdi/contactList/node_modules
48 silly gentlyRm /home/adam/dev/wdi/contactList/node_modules/.bin/bower is being gently removed
49 silly gentlyRm verifying /home/adam/dev/wdi/contactList is an npm working directory
50 silly gentlyRm containing path /home/adam/dev/wdi/contactList is under npm's control, in /home/adam/dev/wdi/contactList
51 silly gentlyRm deletion target /home/adam/dev/wdi/contactList/node_modules/.bin/bower is under /home/adam/dev/wdi/contactList
52 verbose gentlyRm vacuuming from /home/adam/dev/wdi/contactList/node_modules/.bin/bower up to /home/adam/dev/wdi/contactList
53 silly vacuum-fs removing /home/adam/dev/wdi/contactList/node_modules/.bin/bower
54 silly vacuum-fs quitting because other entries in /home/adam/dev/wdi/contactList/node_modules/.bin
55 info postuninstall bower@1.4.1
56 silly gentlyRm /home/adam/dev/wdi/contactList/node_modules/bower is being purged from base /home/adam/dev/wdi/contactList
57 verbose gentlyRm don't care about contents; nuking /home/adam/dev/wdi/contactList/node_modules/bower
58 silly vacuum-fs purging /home/adam/dev/wdi/contactList/node_modules/bower
59 verbose unlock done using /home/adam/.npm/_locks/bower-0bfb62733af8e827.lock for /home/adam/dev/wdi/contactList/node_modules/bower
60 verbose stack Error: EACCES, unlink '/home/adam/dev/wdi/contactList/node_modules/bower/node_modules/.bin/cdl'
61 verbose cwd /home/adam/dev/wdi/contactList/public
62 error Linux 3.16.0-36-generic
63 error argv "node" "/usr/local/bin/npm" "install" "bower"
64 error node v0.10.25
65 error npm  v2.7.3
66 error path /home/adam/dev/wdi/contactList/node_modules/bower/node_modules/.bin/cdl
67 error code EACCES
68 error errno 3
69 error Error: EACCES, unlink '/home/adam/dev/wdi/contactList/node_modules/bower/node_modules/.bin/cdl'
69 error  { [Error: EACCES, unlink '/home/adam/dev/wdi/contactList/node_modules/bower/node_modules/.bin/cdl']
69 error   errno: 3,
69 error   code: 'EACCES',
69 error   path: '/home/adam/dev/wdi/contactList/node_modules/bower/node_modules/.bin/cdl' }
70 error Please try running this command again as root/Administrator.
71 verbose exit [ 3, true ]
72 verbose unbuild node_modules/bower
73 silly gentlyRm /home/adam/dev/wdi/contactList/node_modules/bower is being purged from base /home/adam/dev/wdi/contactList
74 verbose gentlyRm don't care about contents; nuking /home/adam/dev/wdi/contactList/node_modules/bower
75 silly vacuum-fs purging /home/adam/dev/wdi/contactList/node_modules/bower
76 error error rolling back Error: EACCES, unlink '/home/adam/dev/wdi/contactList/node_modules/bower/node_modules/.bin/cdl'
76 error error rolling back  { [Error: EACCES, unlink '/home/adam/dev/wdi/contactList/node_modules/bower/node_modules/.bin/cdl']
76 error error rolling back   errno: 3,
76 error error rolling back   code: 'EACCES',
76 error error rolling back   path: '/home/adam/dev/wdi/contactList/node_modules/bower/node_modules/.bin/cdl' }
